mode: set
github.com/KKGo-Software-engineering/fun-exercise-api/wallet/handler.go:19.30,21.2 1 1
github.com/KKGo-Software-engineering/fun-exercise-api/wallet/handler.go:37.62,40.16 3 1
github.com/KKGo-Software-engineering/fun-exercise-api/wallet/handler.go:40.16,42.3 1 1
github.com/KKGo-Software-engineering/fun-exercise-api/wallet/handler.go:43.2,43.39 1 1
github.com/KKGo-Software-engineering/fun-exercise-api/wallet/handler.go:46.62,48.16 2 1
github.com/KKGo-Software-engineering/fun-exercise-api/wallet/handler.go:48.16,50.3 1 1
github.com/KKGo-Software-engineering/fun-exercise-api/wallet/handler.go:51.2,52.16 2 1
github.com/KKGo-Software-engineering/fun-exercise-api/wallet/handler.go:52.16,54.3 1 0
github.com/KKGo-Software-engineering/fun-exercise-api/wallet/handler.go:55.2,55.39 1 1
